<?xml version='1.0' encoding='utf-8'?>
<testsuite name="KorFin CI Pipeline" tests="3" failures="0" errors="0" skipped="0" timestamp="2025-11-25T08:41:59.225948" time="11.395">
  <testcase name="Release KorFin ReleaseTest" classname="ci.pipeline" time="6.177">
    <properties>
      <property name="log_file" value="20251125_084159_Release_KorFin_ReleaseTest.md" />
    </properties>
  </testcase>
  <testcase name="Prepare KorFin Projects" classname="ci.pipeline" time="0.676">
    <properties>
      <property name="log_file" value="20251125_084205_Prepare_KorFin_Projects.md" />
    </properties>
  </testcase>
  <testcase name="Run KorFin Projects: TinyProject" classname="ci.pipeline" time="4.053">
    <properties>
      <property name="log_file" value="20251125_084206_Run_KorFin_Projects_TinyProject.md" />
    </properties>
  </testcase>
</testsuite>