<?xml version='1.0' encoding='utf-8'?>
<testsuite name="KorFin CI Pipeline" tests="6" failures="4" errors="0" skipped="0" timestamp="2026-01-02T11:03:08.169999" time="103.858">
  <properties>
    <property name="commit" value="d4a127807c" />
  </properties>
  <testcase name="Prepare KorFin" classname="ci.pipeline" time="65.968">
    <properties>
      <property name="log_file" value="Prepare_KorFin.md" />
    </properties>
  </testcase>
  <testcase name="Build KorFin ReleaseTest" classname="ci.pipeline" time="36.116">
    <properties>
      <property name="log_file" value="Build_KorFin_ReleaseTest.md" />
    </properties>
    <failure message="Step Build KorFin ReleaseTest failed" type="StepFailure" />
  </testcase>
  <testcase name="Release KorFin ReleaseTest" classname="ci.pipeline" time="0.483">
    <properties>
      <property name="log_file" value="Release_KorFin_ReleaseTest.md" />
    </properties>
    <failure message="Step Release KorFin ReleaseTest failed" type="StepFailure" />
  </testcase>
  <testcase name="Prepare KorFin Projects" classname="ci.pipeline" time="0.517">
    <properties>
      <property name="log_file" value="Prepare_KorFin_Projects.md" />
    </properties>
  </testcase>
  <testcase name="Run KorFin Sanity" classname="ci.pipeline" time="0.011">
    <properties>
      <property name="log_file" value="Run_KorFin_Sanity.md" />
    </properties>
    <failure message="Step Run KorFin Sanity failed" type="StepFailure" />
  </testcase>
  <testcase name="Run KorFin Projects: TinyProject" classname="ci.pipeline" time="0.011">
    <properties>
      <property name="log_file" value="Run_KorFin_Projects_TinyProject.md" />
    </properties>
    <failure message="Step Run KorFin Projects: TinyProject failed" type="StepFailure" />
  </testcase>
</testsuite>