<?xml version='1.0' encoding='utf-8'?>
<testsuite name="KorFin CI Pipeline" tests="18" failures="3" errors="0" skipped="0" timestamp="2025-11-25T10:25:11.345387" time="2427.971">
  <properties>
    <property name="commit" value="44fc13d7ae" />
  </properties>
  <testcase name="Cleanup" classname="ci.pipeline" time="4.000">
    <properties>
      <property name="log_file" value="20251125_102511_Cleanup.md" />
    </properties>
  </testcase>
  <testcase name="Prepare KorFin" classname="ci.pipeline" time="56.213">
    <properties>
      <property name="log_file" value="20251125_102515_Prepare_KorFin.md" />
    </properties>
  </testcase>
  <testcase name="Build KorFin ReleaseTest" classname="ci.pipeline" time="201.604">
    <properties>
      <property name="log_file" value="20251125_102611_Build_KorFin_ReleaseTest.md" />
    </properties>
  </testcase>
  <testcase name="Release KorFin ReleaseTest" classname="ci.pipeline" time="2.999">
    <properties>
      <property name="log_file" value="20251125_102933_Release_KorFin_ReleaseTest.md" />
    </properties>
  </testcase>
  <testcase name="Prepare KorFin Projects" classname="ci.pipeline" time="17.290">
    <properties>
      <property name="log_file" value="20251125_102936_Prepare_KorFin_Projects.md" />
    </properties>
  </testcase>
  <testcase name="Run KorFin Sanity" classname="ci.pipeline" time="4.330">
    <properties>
      <property name="log_file" value="20251125_102954_Run_KorFin_Sanity.md" />
    </properties>
  </testcase>
  <testcase name="Run KorFin Projects: TinyProject" classname="ci.pipeline" time="5.177">
    <properties>
      <property name="log_file" value="20251125_102958_Run_KorFin_Projects_TinyProject.md" />
    </properties>
  </testcase>
  <testcase name="Run KorFin Projects: Demoprojekt KF 4.7.1" classname="ci.pipeline" time="18.872">
    <properties>
      <property name="log_file" value="20251125_103003_Run_KorFin_Projects_Demoprojekt_KF_471.md" />
    </properties>
  </testcase>
  <testcase name="Run KorFin Projects: Demoprojekt KF 4.8.0" classname="ci.pipeline" time="44.663">
    <properties>
      <property name="log_file" value="20251125_103022_Run_KorFin_Projects_Demoprojekt_KF_480.md" />
    </properties>
  </testcase>
  <testcase name="Run KorFin Projects: Demoprojekt KF 4.8.1" classname="ci.pipeline" time="43.569">
    <properties>
      <property name="log_file" value="20251125_103107_Run_KorFin_Projects_Demoprojekt_KF_481.md" />
    </properties>
  </testcase>
  <testcase name="Run KorFin Projects: Testprojekt Schaufussstrasse 4.8.1" classname="ci.pipeline" time="20.115">
    <properties>
      <property name="log_file" value="20251125_103150_Run_KorFin_Projects_Testprojekt_Schaufussstrasse_481.md" />
    </properties>
  </testcase>
  <testcase name="Run KorFin Projects: Dortmund Hbf" classname="ci.pipeline" time="450.562">
    <properties>
      <property name="log_file" value="20251125_103210_Run_KorFin_Projects_Dortmund_Hbf.md" />
    </properties>
    <failure message="Step Run KorFin Projects: Dortmund Hbf failed" type="StepFailure" />
  </testcase>
  <testcase name="Run KorFin Projects: Gelnhausen Fulda Schall 4.8" classname="ci.pipeline" time="110.523">
    <properties>
      <property name="log_file" value="20251125_103941_Run_KorFin_Projects_Gelnhausen_Fulda_Schall_48.md" />
    </properties>
  </testcase>
  <testcase name="Run KorFin Projects: Gelnhausen Fulda Schall 4.9" classname="ci.pipeline" time="6.060">
    <properties>
      <property name="log_file" value="20251125_104131_Run_KorFin_Projects_Gelnhausen_Fulda_Schall_49.md" />
    </properties>
  </testcase>
  <testcase name="Run KorFin Projects: DB Bahnbau HLK HH-Bln" classname="ci.pipeline" time="321.043">
    <properties>
      <property name="log_file" value="20251125_104138_Run_KorFin_Projects_DB_Bahnbau_HLK_HH-Bln.md" />
    </properties>
  </testcase>
  <testcase name="Run KorFin Projects: IHT Hagen Hbf" classname="ci.pipeline" time="51.168">
    <properties>
      <property name="log_file" value="20251125_104659_Run_KorFin_Projects_IHT_Hagen_Hbf.md" />
    </properties>
    <failure message="Step Run KorFin Projects: IHT Hagen Hbf failed" type="StepFailure" />
  </testcase>
  <testcase name="Run KorFin Projects: DEGES A98 Abschnitt 6" classname="ci.pipeline" time="168.430">
    <properties>
      <property name="log_file" value="20251125_104750_Run_KorFin_Projects_DEGES_A98_Abschnitt_6.md" />
    </properties>
  </testcase>
  <testcase name="Run KorFin Projects: DEGES B1 B55 OU Erwitte" classname="ci.pipeline" time="900.685">
    <properties>
      <property name="log_file" value="20251125_105038_Run_KorFin_Projects_DEGES_B1_B55_OU_Erwitte.md" />
    </properties>
    <failure message="Step Run KorFin Projects: DEGES B1 B55 OU Erwitte failed" type="StepFailure" />
  </testcase>
</testsuite>